0 verbose cli [
0 verbose cli   'C:\\Program Files\\nodejs\\node.exe',
0 verbose cli   'C:\\Users\\Nazeer Basha Shaik\\AppData\\Roaming\\npm\\node_modules\\npm\\bin\\npm-cli.js',
0 verbose cli   'run',
0 verbose cli   'dev'
0 verbose cli ]
1 info using npm@8.4.0
2 info using node@v16.13.0
3 timing npm:load:whichnode Completed in 7ms
4 timing config:load:defaults Completed in 4ms
5 timing config:load:file:C:\Users\Nazeer Basha Shaik\AppData\Roaming\npm\node_modules\npm\npmrc Completed in 25ms
6 timing config:load:builtin Completed in 33ms
7 timing config:load:cli Completed in 6ms
8 timing config:load:env Completed in 3ms
9 timing config:load:file:E:\Projects\tirupati_client_architect_project\.npmrc Completed in 2ms
10 timing config:load:project Completed in 4ms
11 timing config:load:file:C:\Users\Nazeer Basha Shaik\.npmrc Completed in 1ms
12 timing config:load:user Completed in 1ms
13 timing config:load:file:C:\Users\Nazeer Basha Shaik\AppData\Roaming\npm\etc\npmrc Completed in 3ms
14 timing config:load:global Completed in 3ms
15 timing config:load:validate Completed in 11ms
16 timing config:load:credentials Completed in 8ms
17 timing config:load:setEnvs Completed in 7ms
18 timing config:load Completed in 84ms
19 timing npm:load:configload Completed in 85ms
20 timing npm:load:setTitle Completed in 1ms
21 timing config:load:flatten Completed in 15ms
22 timing npm:load:display Completed in 20ms
23 verbose logfile E:\Projects\tirupati_client_architect_project\NPM\_logs\2022-05-05T05_51_56_514Z-debug-0.log
24 timing npm:load:logFile Completed in 34ms
25 timing npm:load:timers Completed in 0ms
26 timing npm:load:configScope Completed in 1ms
27 timing npm:load Completed in 155ms
28 silly logfile start cleaning logs, removing 1 files
