0 verbose cli [
0 verbose cli   'C:\\Program Files\\nodejs\\node.exe',
0 verbose cli   'C:\\Users\\Nazeer Basha Shaik\\AppData\\Roaming\\npm\\node_modules\\npm\\bin\\npm-cli.js',
0 verbose cli   'i',
0 verbose cli   'react-select'
0 verbose cli ]
1 info using npm@8.4.0
2 info using node@v16.13.0
3 timing npm:load:whichnode Completed in 1ms
4 timing config:load:defaults Completed in 3ms
5 timing config:load:file:C:\Users\Nazeer Basha Shaik\AppData\Roaming\npm\node_modules\npm\npmrc Completed in 21ms
6 timing config:load:builtin Completed in 21ms
7 timing config:load:cli Completed in 2ms
8 timing config:load:env Completed in 1ms
9 timing config:load:file:E:\Projects\tirupati_client_architect_project\.npmrc Completed in 0ms
10 timing config:load:project Completed in 1ms
11 timing config:load:file:C:\Users\Nazeer Basha Shaik\.npmrc Completed in 1ms
12 timing config:load:user Completed in 1ms
13 timing config:load:file:C:\Users\Nazeer Basha Shaik\AppData\Roaming\npm\etc\npmrc Completed in 1ms
14 timing config:load:global Completed in 1ms
15 timing config:load:validate Completed in 1ms
16 timing config:load:credentials Completed in 2ms
17 timing config:load:setEnvs Completed in 2ms
18 timing config:load Completed in 37ms
19 timing npm:load:configload Completed in 38ms
20 timing npm:load:setTitle Completed in 1ms
21 timing config:load:flatten Completed in 5ms
22 timing npm:load:display Completed in 7ms
23 verbose logfile E:\Projects\tirupati_client_architect_project\NPM\_logs\2022-05-05T05_51_07_638Z-debug-0.log
24 timing npm:load:logFile Completed in 12ms
25 timing npm:load:timers Completed in 0ms
26 timing npm:load:configScope Completed in 0ms
27 timing npm:load Completed in 60ms
28 timing arborist:ctor Completed in 1ms
29 silly logfile start cleaning logs, removing 1 files
30 timing idealTree:init Completed in 395ms
31 timing idealTree:userRequests Completed in 3ms
32 silly idealTree buildDeps
33 silly fetch manifest react-select@*
34 timing arborist:ctor Completed in 0ms
35 http fetch GET 200 https://registry.npmjs.org/react-select 678ms (cache miss)
36 silly fetch manifest react@18.1.0
37 http fetch GET 200 https://registry.npmjs.org/react 780ms (cache updated)
38 silly fetch manifest react-dom@18.1.0
39 http fetch GET 200 https://registry.npmjs.org/react-dom 669ms (cache updated)
40 silly placeDep ROOT react-select@5.3.1 OK for: tirupati_client_architect_project@0.1.0 want: *
41 silly fetch manifest @emotion/cache@^11.4.0
42 silly fetch manifest @emotion/react@^11.8.1
43 silly fetch manifest @types/react-transition-group@^4.4.0
44 silly fetch manifest memoize-one@^5.0.0
45 silly fetch manifest react-transition-group@^4.3.0
46 http fetch GET 200 https://registry.npmjs.org/@emotion%2fcache 130ms (cache miss)
47 http fetch GET 200 https://registry.npmjs.org/react-transition-group 286ms (cache miss)
48 http fetch GET 200 https://registry.npmjs.org/@types%2freact-transition-group 338ms (cache miss)
49 http fetch GET 200 https://registry.npmjs.org/memoize-one 355ms (cache miss)
50 http fetch GET 200 https://registry.npmjs.org/@emotion%2freact 891ms (cache miss)
51 timing idealTree:#root Completed in 3090ms
52 silly fetch manifest @babel/core@^7.0.0
53 http fetch GET 200 https://registry.npmjs.org/@babel%2fcore 286ms (cache miss)
54 silly fetch manifest react@^16.8.0 || ^17.0.0 || ^18.0.0
55 silly fetch manifest react-dom@^16.8.0 || ^17.0.0 || ^18.0.0
56 silly placeDep ROOT @emotion/cache@11.7.1 OK for: react-select@5.3.1 want: ^11.4.0
57 silly placeDep ROOT @emotion/react@11.9.0 OK for: react-select@5.3.1 want: ^11.8.1
58 silly placeDep ROOT @types/react-transition-group@4.4.4 OK for: react-select@5.3.1 want: ^4.4.0
59 silly placeDep ROOT memoize-one@5.2.1 OK for: react-select@5.3.1 want: ^5.0.0
60 silly placeDep ROOT react-transition-group@4.4.2 OK for: react-select@5.3.1 want: ^4.3.0
61 silly fetch manifest @emotion/memoize@^0.7.4
62 silly fetch manifest @emotion/sheet@^1.1.0
63 silly fetch manifest @emotion/utils@^1.0.0
64 silly fetch manifest @emotion/weak-memoize@^0.2.5
65 silly fetch manifest stylis@4.0.13
66 silly fetch manifest @emotion/babel-plugin@^11.7.1
67 silly fetch manifest @emotion/serialize@^1.0.3
68 silly fetch manifest @emotion/utils@^1.1.0
69 silly fetch manifest hoist-non-react-statics@^3.3.1
70 silly fetch manifest @types/react@*
71 silly fetch manifest dom-helpers@^5.0.1
72 http fetch GET 200 https://registry.npmjs.org/@emotion%2fmemoize 198ms (cache miss)
73 http fetch GET 200 https://registry.npmjs.org/@emotion%2fsheet 237ms (cache miss)
74 http fetch GET 200 https://registry.npmjs.org/@emotion%2futils 255ms (cache miss)
75 http fetch GET 200 https://registry.npmjs.org/@emotion%2fweak-memoize 259ms (cache miss)
76 http fetch GET 200 https://registry.npmjs.org/hoist-non-react-statics 342ms (cache miss)
77 http fetch GET 200 https://registry.npmjs.org/dom-helpers 465ms (cache miss)
78 http fetch GET 200 https://registry.npmjs.org/@emotion%2fserialize 570ms (cache miss)
79 http fetch GET 200 https://registry.npmjs.org/stylis 677ms (cache miss)
80 http fetch GET 200 https://registry.npmjs.org/@emotion%2fbabel-plugin 772ms (cache miss)
81 http fetch GET 200 https://registry.npmjs.org/@types%2freact 882ms (cache miss)
82 timing idealTree:node_modules/react-select Completed in 1360ms
83 silly placeDep ROOT @emotion/memoize@0.7.5 OK for: @emotion/cache@11.7.1 want: ^0.7.4
84 silly placeDep ROOT @emotion/sheet@1.1.0 OK for: @emotion/cache@11.7.1 want: ^1.1.0
85 silly placeDep ROOT @emotion/utils@1.1.0 OK for: @emotion/cache@11.7.1 want: ^1.0.0
86 silly placeDep ROOT @emotion/weak-memoize@0.2.5 OK for: @emotion/cache@11.7.1 want: ^0.2.5
87 silly placeDep ROOT stylis@4.0.13 OK for: @emotion/cache@11.7.1 want: 4.0.13
88 timing idealTree:node_modules/@emotion/cache Completed in 29ms
89 timing idealTree:node_modules/@emotion/memoize Completed in 0ms
90 silly placeDep ROOT @emotion/babel-plugin@11.9.2 OK for: @emotion/react@11.9.0 want: ^11.7.1
91 silly placeDep ROOT @babel/core@7.17.10 OK for: @emotion/babel-plugin@11.9.2 want: ^7.0.0
92 silly placeDep ROOT @emotion/serialize@1.0.3 OK for: @emotion/react@11.9.0 want: ^1.0.3
93 silly placeDep ROOT hoist-non-react-statics@3.3.2 OK for: @emotion/react@11.9.0 want: ^3.3.1
94 silly fetch manifest @babel/helper-module-imports@^7.12.13
95 silly fetch manifest @babel/plugin-syntax-jsx@^7.12.13
96 silly fetch manifest @emotion/hash@^0.8.0
97 silly fetch manifest babel-plugin-macros@^2.6.1
98 silly fetch manifest convert-source-map@^1.5.0
99 silly fetch manifest find-root@^1.1.0
100 silly fetch manifest source-map@^0.5.7
101 silly fetch manifest @ampproject/remapping@^2.1.0
102 silly fetch manifest @babel/code-frame@^7.16.7
103 silly fetch manifest @babel/generator@^7.17.10
104 silly fetch manifest @babel/helper-compilation-targets@^7.17.10
105 silly fetch manifest @babel/helper-module-transforms@^7.17.7
106 silly fetch manifest @babel/helpers@^7.17.9
107 silly fetch manifest @babel/parser@^7.17.10
108 silly fetch manifest @babel/template@^7.16.7
109 silly fetch manifest @babel/traverse@^7.17.10
110 silly fetch manifest @babel/types@^7.17.10
111 silly fetch manifest convert-source-map@^1.7.0
112 silly fetch manifest gensync@^1.0.0-beta.2
113 silly fetch manifest json5@^2.2.1
114 silly fetch manifest semver@^6.3.0
115 silly fetch manifest @emotion/unitless@^0.7.5
116 silly fetch manifest csstype@^3.0.2
117 http fetch GET 200 https://registry.npmjs.org/babel-plugin-macros 349ms (cache miss)
118 http fetch GET 200 https://registry.npmjs.org/@babel%2fhelper-module-imports 369ms (cache miss)
119 http fetch GET 200 https://registry.npmjs.org/convert-source-map 369ms (cache miss)
120 http fetch GET 200 https://registry.npmjs.org/@babel%2fplugin-syntax-jsx 386ms (cache miss)
121 http fetch GET 200 https://registry.npmjs.org/source-map 383ms (cache miss)
122 http fetch GET 200 https://registry.npmjs.org/find-root 404ms (cache miss)
123 http fetch GET 200 https://registry.npmjs.org/@ampproject%2fremapping 422ms (cache miss)
124 http fetch GET 200 https://registry.npmjs.org/@emotion%2fhash 442ms (cache miss)
125 http fetch GET 200 https://registry.npmjs.org/@babel%2fcode-frame 449ms (cache miss)
126 http fetch GET 200 https://registry.npmjs.org/@babel%2fgenerator 472ms (cache miss)
127 http fetch GET 200 https://registry.npmjs.org/gensync 469ms (cache miss)
128 http fetch GET 200 https://registry.npmjs.org/json5 582ms (cache revalidated)
129 http fetch GET 200 https://registry.npmjs.org/semver 588ms (cache revalidated)
130 http fetch GET 200 https://registry.npmjs.org/@emotion%2funitless 765ms (cache miss)
131 http fetch GET 200 https://registry.npmjs.org/csstype 819ms (cache miss)
132 http fetch GET 200 https://registry.npmjs.org/@babel%2ftypes 834ms (cache miss)
133 http fetch GET 200 https://registry.npmjs.org/@babel%2ftraverse 894ms (cache miss)
134 http fetch GET 200 https://registry.npmjs.org/@babel%2ftemplate 940ms (cache miss)
135 http fetch GET 200 https://registry.npmjs.org/@babel%2fhelper-compilation-targets 949ms (cache miss)
136 http fetch GET 200 https://registry.npmjs.org/@babel%2fhelpers 948ms (cache miss)
137 http fetch GET 200 https://registry.npmjs.org/@babel%2fhelper-module-transforms 952ms (cache miss)
138 http fetch GET 200 https://registry.npmjs.org/@babel%2fparser 961ms (cache miss)
139 timing idealTree:node_modules/@emotion/react Completed in 1004ms
140 silly placeDep ROOT @ampproject/remapping@2.2.0 OK for: @babel/core@7.17.10 want: ^2.1.0
141 silly placeDep ROOT @babel/code-frame@7.16.7 OK for: @babel/core@7.17.10 want: ^7.16.7
142 silly placeDep ROOT @babel/generator@7.17.10 OK for: @babel/core@7.17.10 want: ^7.17.10
143 silly placeDep ROOT @babel/helper-compilation-targets@7.17.10 OK for: @babel/core@7.17.10 want: ^7.17.10
144 silly placeDep ROOT @babel/helper-module-transforms@7.17.7 OK for: @babel/core@7.17.10 want: ^7.17.7
145 silly placeDep ROOT @babel/helpers@7.17.9 OK for: @babel/core@7.17.10 want: ^7.17.9
146 silly placeDep ROOT @babel/parser@7.17.10 OK for: @babel/core@7.17.10 want: ^7.17.10
147 silly placeDep ROOT @babel/template@7.16.7 OK for: @babel/core@7.17.10 want: ^7.16.7
148 silly placeDep ROOT @babel/traverse@7.17.10 OK for: @babel/core@7.17.10 want: ^7.17.10
149 silly placeDep ROOT @babel/types@7.17.10 OK for: @babel/core@7.17.10 want: ^7.17.10
150 silly placeDep ROOT convert-source-map@1.8.0 OK for: @babel/core@7.17.10 want: ^1.7.0
151 silly placeDep ROOT gensync@1.0.0-beta.2 OK for: @babel/core@7.17.10 want: ^1.0.0-beta.2
152 silly placeDep node_modules/@babel/core json5@2.2.1 OK for: @babel/core@7.17.10 want: ^2.2.1
153 silly placeDep node_modules/@babel/core semver@6.3.0 OK for: @babel/core@7.17.10 want: ^6.3.0
154 silly fetch manifest @jridgewell/gen-mapping@^0.1.0
155 silly fetch manifest @jridgewell/trace-mapping@^0.3.9
156 silly fetch manifest @babel/highlight@^7.16.7
157 silly fetch manifest jsesc@^2.5.1
158 silly fetch manifest @babel/compat-data@^7.17.10
159 silly fetch manifest @babel/helper-validator-option@^7.16.7
160 silly fetch manifest @babel/helper-environment-visitor@^7.16.7
161 silly fetch manifest @babel/helper-module-imports@^7.16.7
162 silly fetch manifest @babel/helper-simple-access@^7.17.7
163 silly fetch manifest @babel/helper-split-export-declaration@^7.16.7
164 silly fetch manifest @babel/helper-validator-identifier@^7.16.7
165 silly fetch manifest @babel/helper-function-name@^7.17.9
166 silly fetch manifest @babel/helper-hoist-variables@^7.16.7
167 silly fetch manifest globals@^11.1.0
168 silly fetch manifest to-fast-properties@^2.0.0
169 silly fetch manifest safe-buffer@~5.1.1
170 http fetch GET 200 https://registry.npmjs.org/@babel%2fhelper-validator-option 224ms (cache miss)
171 http fetch GET 200 https://registry.npmjs.org/@babel%2fhelper-validator-identifier 222ms (cache miss)
172 http fetch GET 200 https://registry.npmjs.org/safe-buffer 223ms (cache miss)
173 http fetch GET 200 https://registry.npmjs.org/@babel%2fhelper-environment-visitor 236ms (cache miss)
174 http fetch GET 200 https://registry.npmjs.org/to-fast-properties 229ms (cache miss)
175 http fetch GET 200 https://registry.npmjs.org/@babel%2fhelper-split-export-declaration 249ms (cache miss)
176 http fetch GET 200 https://registry.npmjs.org/jsesc 259ms (cache miss)
177 http fetch GET 200 https://registry.npmjs.org/@babel%2fhelper-hoist-variables 261ms (cache miss)
178 http fetch GET 200 https://registry.npmjs.org/@jridgewell%2fgen-mapping 289ms (cache miss)
179 http fetch GET 200 https://registry.npmjs.org/@babel%2fhelper-function-name 280ms (cache miss)
180 http fetch GET 200 https://registry.npmjs.org/@babel%2fcompat-data 299ms (cache miss)
181 http fetch GET 200 https://registry.npmjs.org/@babel%2fhighlight 312ms (cache miss)
182 http fetch GET 200 https://registry.npmjs.org/globals 305ms (cache updated)
183 http fetch GET 200 https://registry.npmjs.org/@jridgewell%2ftrace-mapping 334ms (cache miss)
184 http fetch GET 200 https://registry.npmjs.org/@babel%2fhelper-simple-access 598ms (cache miss)
185 timing idealTree:node_modules/@babel/core Completed in 684ms
186 silly placeDep ROOT @jridgewell/gen-mapping@0.1.1 OK for: @ampproject/remapping@2.2.0 want: ^0.1.0
187 silly placeDep ROOT @jridgewell/trace-mapping@0.3.9 OK for: @ampproject/remapping@2.2.0 want: ^0.3.9
188 silly fetch manifest @jridgewell/set-array@^1.0.0
189 silly fetch manifest @jridgewell/sourcemap-codec@^1.4.10
190 silly fetch manifest @jridgewell/resolve-uri@^3.0.3
191 http fetch GET 200 https://registry.npmjs.org/@jridgewell%2fset-array 85ms (cache miss)
192 http fetch GET 200 https://registry.npmjs.org/@jridgewell%2fsourcemap-codec 87ms (cache miss)
193 http fetch GET 200 https://registry.npmjs.org/@jridgewell%2fresolve-uri 96ms (cache miss)
194 timing idealTree:node_modules/@ampproject/remapping Completed in 110ms
195 silly placeDep ROOT @babel/highlight@7.17.9 OK for: @babel/code-frame@7.16.7 want: ^7.16.7
196 silly fetch manifest chalk@^2.0.0
197 http fetch GET 200 https://registry.npmjs.org/chalk 425ms (cache revalidated)
198 timing idealTree:node_modules/@babel/code-frame Completed in 433ms
199 silly placeDep ROOT jsesc@2.5.2 OK for: @babel/generator@7.17.10 want: ^2.5.1
200 timing idealTree:node_modules/@babel/generator Completed in 1ms
201 silly placeDep ROOT @babel/compat-data@7.17.10 OK for: @babel/helper-compilation-targets@7.17.10 want: ^7.17.10
202 silly placeDep ROOT @babel/helper-validator-option@7.16.7 OK for: @babel/helper-compilation-targets@7.17.10 want: ^7.16.7
203 silly placeDep node_modules/@babel/helper-compilation-targets semver@6.3.0 OK for: @babel/helper-compilation-targets@7.17.10 want: ^6.3.0
204 timing idealTree:node_modules/@babel/helper-compilation-targets Completed in 6ms
205 timing idealTree:node_modules/@babel/compat-data Completed in 0ms
206 silly placeDep ROOT @babel/helper-environment-visitor@7.16.7 OK for: @babel/helper-module-transforms@7.17.7 want: ^7.16.7
207 silly placeDep ROOT @babel/helper-module-imports@7.16.7 OK for: @babel/helper-module-transforms@7.17.7 want: ^7.16.7
208 silly placeDep ROOT @babel/helper-simple-access@7.17.7 OK for: @babel/helper-module-transforms@7.17.7 want: ^7.17.7
209 silly placeDep ROOT @babel/helper-split-export-declaration@7.16.7 OK for: @babel/helper-module-transforms@7.17.7 want: ^7.16.7
210 silly placeDep ROOT @babel/helper-validator-identifier@7.16.7 OK for: @babel/helper-module-transforms@7.17.7 want: ^7.16.7
211 timing idealTree:node_modules/@babel/helper-module-transforms Completed in 10ms
212 timing idealTree:node_modules/@babel/helper-environment-visitor Completed in 0ms
213 timing idealTree:node_modules/@babel/helper-module-imports Completed in 0ms
214 timing idealTree:node_modules/@babel/helper-simple-access Completed in 0ms
215 timing idealTree:node_modules/@babel/helper-split-export-declaration Completed in 0ms
216 timing idealTree:node_modules/@babel/helper-validator-identifier Completed in 0ms
217 timing idealTree:node_modules/@babel/helper-validator-option Completed in 0ms
218 timing idealTree:node_modules/@babel/helpers Completed in 0ms
219 silly placeDep node_modules/@babel/highlight chalk@2.4.2 OK for: @babel/highlight@7.17.9 want: ^2.0.0
220 silly fetch manifest ansi-styles@^3.2.1
221 silly fetch manifest escape-string-regexp@^1.0.5
222 silly fetch manifest supports-color@^5.3.0
223 http fetch GET 200 https://registry.npmjs.org/ansi-styles 270ms (cache revalidated)
224 http fetch GET 200 https://registry.npmjs.org/supports-color 283ms (cache revalidated)
225 http fetch GET 200 https://registry.npmjs.org/escape-string-regexp 286ms (cache revalidated)
226 timing idealTree:node_modules/@babel/highlight Completed in 292ms
227 timing idealTree:node_modules/@babel/parser Completed in 0ms
228 timing idealTree:node_modules/@babel/template Completed in 0ms
229 silly placeDep ROOT @babel/helper-function-name@7.17.9 OK for: @babel/traverse@7.17.10 want: ^7.17.9
230 silly placeDep ROOT @babel/helper-hoist-variables@7.16.7 OK for: @babel/traverse@7.17.10 want: ^7.16.7
231 silly placeDep node_modules/@babel/traverse globals@11.12.0 OK for: @babel/traverse@7.17.10 want: ^11.1.0
232 timing idealTree:node_modules/@babel/traverse Completed in 7ms
233 timing idealTree:node_modules/@babel/helper-function-name Completed in 0ms
234 timing idealTree:node_modules/@babel/helper-hoist-variables Completed in 0ms
235 silly placeDep ROOT to-fast-properties@2.0.0 OK for: @babel/types@7.17.10 want: ^2.0.0
236 timing idealTree:node_modules/@babel/types Completed in 4ms
237 silly placeDep ROOT @babel/plugin-syntax-jsx@7.16.7 OK for: @emotion/babel-plugin@11.9.2 want: ^7.12.13
238 silly placeDep ROOT @emotion/hash@0.8.0 OK for: @emotion/babel-plugin@11.9.2 want: ^0.8.0
239 silly placeDep ROOT babel-plugin-macros@2.8.0 OK for: @emotion/babel-plugin@11.9.2 want: ^2.6.1
240 silly placeDep ROOT find-root@1.1.0 OK for: @emotion/babel-plugin@11.9.2 want: ^1.1.0
241 silly placeDep ROOT source-map@0.5.7 OK for: @emotion/babel-plugin@11.9.2 want: ^0.5.7
242 silly fetch manifest @babel/helper-plugin-utils@^7.16.7
243 silly fetch manifest cosmiconfig@^6.0.0
244 http fetch GET 200 https://registry.npmjs.org/@babel%2fhelper-plugin-utils 90ms (cache miss)
245 http fetch GET 200 https://registry.npmjs.org/cosmiconfig 89ms (cache miss)
246 timing idealTree:node_modules/@emotion/babel-plugin Completed in 124ms
247 silly placeDep ROOT @babel/helper-plugin-utils@7.16.7 OK for: @babel/plugin-syntax-jsx@7.16.7 want: ^7.16.7
248 timing idealTree:node_modules/@babel/plugin-syntax-jsx Completed in 2ms
249 timing idealTree:node_modules/@babel/helper-plugin-utils Completed in 0ms
250 timing idealTree:node_modules/@emotion/hash Completed in 0ms
251 silly placeDep ROOT @emotion/unitless@0.7.5 OK for: @emotion/serialize@1.0.3 want: ^0.7.5
252 silly placeDep ROOT csstype@3.0.11 OK for: @emotion/serialize@1.0.3 want: ^3.0.2
253 timing idealTree:node_modules/@emotion/serialize Completed in 3ms
254 timing idealTree:node_modules/@emotion/sheet Completed in 0ms
255 timing idealTree:node_modules/@emotion/unitless Completed in 0ms
256 timing idealTree:node_modules/@emotion/utils Completed in 0ms
257 timing idealTree:node_modules/@emotion/weak-memoize Completed in 0ms
258 silly placeDep ROOT @jridgewell/set-array@1.1.0 OK for: @jridgewell/gen-mapping@0.1.1 want: ^1.0.0
259 silly placeDep ROOT @jridgewell/sourcemap-codec@1.4.12 OK for: @jridgewell/gen-mapping@0.1.1 want: ^1.4.10
260 timing idealTree:node_modules/@jridgewell/gen-mapping Completed in 3ms
261 timing idealTree:node_modules/@jridgewell/set-array Completed in 1ms
262 timing idealTree:node_modules/@jridgewell/sourcemap-codec Completed in 0ms
263 silly placeDep ROOT @jridgewell/resolve-uri@3.0.6 OK for: @jridgewell/trace-mapping@0.3.9 want: ^3.0.3
264 timing idealTree:node_modules/@jridgewell/trace-mapping Completed in 1ms
265 timing idealTree:node_modules/@jridgewell/resolve-uri Completed in 0ms
266 silly placeDep ROOT @types/react@18.0.8 OK for: @types/react-transition-group@4.4.4 want: *
267 silly fetch manifest @types/prop-types@*
268 silly fetch manifest @types/scheduler@*
269 http fetch GET 200 https://registry.npmjs.org/@types%2fprop-types 172ms (cache miss)
270 http fetch GET 200 https://registry.npmjs.org/@types%2fscheduler 333ms (cache miss)
271 timing idealTree:node_modules/@types/react-transition-group Completed in 338ms
272 silly placeDep ROOT @types/prop-types@15.7.5 OK for: @types/react@18.0.8 want: *
273 silly placeDep ROOT @types/scheduler@0.16.2 OK for: @types/react@18.0.8 want: *
274 timing idealTree:node_modules/@types/react Completed in 4ms
275 timing idealTree:node_modules/@types/prop-types Completed in 0ms
276 timing idealTree:node_modules/@types/scheduler Completed in 0ms
277 silly placeDep ROOT cosmiconfig@6.0.0 OK for: babel-plugin-macros@2.8.0 want: ^6.0.0
278 silly fetch manifest @types/parse-json@^4.0.0
279 silly fetch manifest parse-json@^5.0.0
280 http fetch GET 200 https://registry.npmjs.org/parse-json 48ms (cache miss)
281 http fetch GET 200 https://registry.npmjs.org/@types%2fparse-json 77ms (cache miss)
282 timing idealTree:node_modules/babel-plugin-macros Completed in 85ms
283 silly placeDep ROOT safe-buffer@5.1.2 OK for: convert-source-map@1.8.0 want: ~5.1.1
284 timing idealTree:node_modules/convert-source-map Completed in 1ms
285 silly placeDep ROOT @types/parse-json@4.0.0 OK for: cosmiconfig@6.0.0 want: ^4.0.0
286 silly placeDep ROOT parse-json@5.2.0 OK for: cosmiconfig@6.0.0 want: ^5.0.0
287 silly fetch manifest error-ex@^1.3.1
288 silly fetch manifest json-parse-even-better-errors@^2.3.0
289 silly fetch manifest lines-and-columns@^1.1.6
290 http fetch GET 200 https://registry.npmjs.org/json-parse-even-better-errors 61ms (cache miss)
291 http fetch GET 200 https://registry.npmjs.org/error-ex 65ms (cache miss)
292 http fetch GET 200 https://registry.npmjs.org/lines-and-columns 66ms (cache miss)
293 timing idealTree:node_modules/cosmiconfig Completed in 75ms
294 timing idealTree:node_modules/@types/parse-json Completed in 0ms
295 timing idealTree:node_modules/csstype Completed in 0ms
296 timing idealTree:node_modules/find-root Completed in 0ms
297 timing idealTree:node_modules/gensync Completed in 0ms
298 timing idealTree:node_modules/hoist-non-react-statics Completed in 0ms
299 timing idealTree:node_modules/jsesc Completed in 0ms
300 timing idealTree:node_modules/memoize-one Completed in 0ms
301 silly placeDep ROOT error-ex@1.3.2 OK for: parse-json@5.2.0 want: ^1.3.1
302 silly placeDep ROOT json-parse-even-better-errors@2.3.1 OK for: parse-json@5.2.0 want: ^2.3.0
303 silly placeDep ROOT lines-and-columns@1.2.4 OK for: parse-json@5.2.0 want: ^1.1.6
304 silly fetch manifest is-arrayish@^0.2.1
305 http fetch GET 200 https://registry.npmjs.org/is-arrayish 56ms (cache miss)
306 timing idealTree:node_modules/parse-json Completed in 64ms
307 silly placeDep ROOT is-arrayish@0.2.1 OK for: error-ex@1.3.2 want: ^0.2.1
308 timing idealTree:node_modules/error-ex Completed in 7ms
309 timing idealTree:node_modules/is-arrayish Completed in 0ms
310 timing idealTree:node_modules/json-parse-even-better-errors Completed in 0ms
311 timing idealTree:node_modules/lines-and-columns Completed in 0ms
312 silly placeDep ROOT dom-helpers@5.2.1 OK for: react-transition-group@4.4.2 want: ^5.0.1
313 timing idealTree:node_modules/react-transition-group Completed in 3ms
314 timing idealTree:node_modules/dom-helpers Completed in 0ms
315 timing idealTree:node_modules/safe-buffer Completed in 0ms
316 timing idealTree:node_modules/source-map Completed in 0ms
317 timing idealTree:node_modules/stylis Completed in 0ms
318 timing idealTree:node_modules/to-fast-properties Completed in 0ms
319 timing idealTree:node_modules/@babel/core/node_modules/json5 Completed in 0ms
320 timing idealTree:node_modules/@babel/core/node_modules/semver Completed in 0ms
321 timing idealTree:node_modules/@babel/helper-compilation-targets/node_modules/semver Completed in 0ms
322 silly placeDep node_modules/@babel/highlight ansi-styles@3.2.1 OK for: chalk@2.4.2 want: ^3.2.1
323 silly placeDep node_modules/@babel/highlight escape-string-regexp@1.0.5 OK for: chalk@2.4.2 want: ^1.0.5
324 silly placeDep node_modules/@babel/highlight supports-color@5.5.0 OK for: chalk@2.4.2 want: ^5.3.0
325 silly fetch manifest color-convert@^1.9.0
326 silly fetch manifest has-flag@^3.0.0
327 http fetch GET 200 https://registry.npmjs.org/color-convert 81ms (cache revalidated)
328 http fetch GET 200 https://registry.npmjs.org/has-flag 90ms (cache updated)
329 timing idealTree:node_modules/@babel/highlight/node_modules/chalk Completed in 108ms
330 silly placeDep node_modules/@babel/highlight color-convert@1.9.3 OK for: ansi-styles@3.2.1 want: ^1.9.0
331 silly fetch manifest color-name@1.1.3
332 http fetch GET 200 https://registry.npmjs.org/color-name 112ms (cache revalidated)
333 timing idealTree:node_modules/@babel/highlight/node_modules/ansi-styles Completed in 121ms
334 silly placeDep node_modules/@babel/highlight color-name@1.1.3 OK for: color-convert@1.9.3 want: 1.1.3
335 timing idealTree:node_modules/@babel/highlight/node_modules/color-convert Completed in 2ms
336 timing idealTree:node_modules/@babel/highlight/node_modules/color-name Completed in 0ms
337 timing idealTree:node_modules/@babel/highlight/node_modules/escape-string-regexp Completed in 0ms
338 silly placeDep node_modules/@babel/highlight has-flag@3.0.0 OK for: supports-color@5.5.0 want: ^3.0.0
339 timing idealTree:node_modules/@babel/highlight/node_modules/supports-color Completed in 2ms
340 timing idealTree:node_modules/@babel/highlight/node_modules/has-flag Completed in 0ms
341 timing idealTree:node_modules/@babel/traverse/node_modules/globals Completed in 0ms
342 timing idealTree:buildDeps Completed in 7989ms
343 timing idealTree:fixDepFlags Completed in 10ms
344 timing idealTree Completed in 8406ms
345 timing reify:loadTrees Completed in 8407ms
346 timing reify:diffTrees Completed in 69ms
347 silly reify moves {}
348 timing reify:retireShallow Completed in 3ms
349 timing reify:createSparse Completed in 120ms
350 timing reify:loadBundles Completed in 0ms
351 silly audit bulk request {
351 silly audit   '@babel/runtime': [ '7.17.9' ],
351 silly audit   '@babel/runtime-corejs3': [ '7.17.9' ],
351 silly audit   '@eslint/eslintrc': [ '1.2.2' ],
351 silly audit   '@humanwhocodes/config-array': [ '0.9.5' ],
351 silly audit   '@humanwhocodes/object-schema': [ '1.2.1' ],
351 silly audit   '@next/env': [ '12.1.5' ],
351 silly audit   '@next/eslint-plugin-next': [ '12.1.5' ],
351 silly audit   '@next/swc-android-arm-eabi': [ '12.1.5' ],
351 silly audit   '@next/swc-android-arm64': [ '12.1.5' ],
351 silly audit   '@next/swc-darwin-arm64': [ '12.1.5' ],
351 silly audit   '@next/swc-darwin-x64': [ '12.1.5' ],
351 silly audit   '@next/swc-linux-arm-gnueabihf': [ '12.1.5' ],
351 silly audit   '@next/swc-linux-arm64-gnu': [ '12.1.5' ],
351 silly audit   '@next/swc-linux-arm64-musl': [ '12.1.5' ],
351 silly audit   '@next/swc-linux-x64-gnu': [ '12.1.5' ],
351 silly audit   '@next/swc-linux-x64-musl': [ '12.1.5' ],
351 silly audit   '@next/swc-win32-arm64-msvc': [ '12.1.5' ],
351 silly audit   '@next/swc-win32-ia32-msvc': [ '12.1.5' ],
351 silly audit   '@next/swc-win32-x64-msvc': [ '12.1.5' ],
351 silly audit   '@nodelib/fs.scandir': [ '2.1.5' ],
351 silly audit   '@nodelib/fs.stat': [ '2.0.5' ],
351 silly audit   '@nodelib/fs.walk': [ '1.2.8' ],
351 silly audit   '@rushstack/eslint-patch': [ '1.0.8' ],
351 silly audit   '@tailwindcss/aspect-ratio': [ '0.4.0' ],
351 silly audit   '@types/json5': [ '0.0.29' ],
351 silly audit   '@typescript-eslint/parser': [ '5.10.1' ],
351 silly audit   '@typescript-eslint/scope-manager': [ '5.10.1' ],
351 silly audit   '@typescript-eslint/types': [ '5.10.1' ],
351 silly audit   '@typescript-eslint/typescript-estree': [ '5.10.1' ],
351 silly audit   '@typescript-eslint/visitor-keys': [ '5.10.1' ],
351 silly audit   acorn: [ '8.7.1', '7.4.1' ],
351 silly audit   'acorn-jsx': [ '5.3.2' ],
351 silly audit   'acorn-node': [ '1.8.2' ],
351 silly audit   'acorn-walk': [ '7.2.0' ],
351 silly audit   ajv: [ '6.12.6' ],
351 silly audit   'ansi-regex': [ '5.0.1' ],
351 silly audit   'ansi-styles': [ '4.3.0', '3.2.1' ],
351 silly audit   anymatch: [ '3.1.2' ],
351 silly audit   arg: [ '5.0.1' ],
351 silly audit   argparse: [ '2.0.1' ],
351 silly audit   'aria-query': [ '4.2.2' ],
351 silly audit   'array-includes': [ '3.1.4' ],
351 silly audit   'array-union': [ '2.1.0' ],
351 silly audit   'array.prototype.flat': [ '1.3.0' ],
351 silly audit   'array.prototype.flatmap': [ '1.3.0' ],
351 silly audit   'ast-types-flow': [ '0.0.7' ],
351 silly audit   autoprefixer: [ '10.4.7' ],
351 silly audit   'axe-core': [ '4.4.1' ],
351 silly audit   'axobject-query': [ '2.2.0' ],
351 silly audit   'balanced-match': [ '1.0.2' ],
351 silly audit   'binary-extensions': [ '2.2.0' ],
351 silly audit   'brace-expansion': [ '1.1.11' ],
351 silly audit   braces: [ '3.0.2' ],
351 silly audit   browserslist: [ '4.20.3' ],
351 silly audit   'call-bind': [ '1.0.2' ],
351 silly audit   callsites: [ '3.1.0' ],
351 silly audit   'camelcase-css': [ '2.0.1' ],
351 silly audit   'caniuse-lite': [ '1.0.30001335' ],
351 silly audit   chalk: [ '4.1.2', '2.4.2' ],
351 silly audit   chokidar: [ '3.5.3' ],
351 silly audit   'glob-parent': [ '5.1.2', '6.0.2' ],
351 silly audit   'color-convert': [ '2.0.1', '1.9.3' ],
351 silly audit   'color-name': [ '1.1.4', '1.1.3' ],
351 silly audit   'concat-map': [ '0.0.1' ],
351 silly audit   'core-js-pure': [ '3.22.3' ],
351 silly audit   'cross-spawn': [ '7.0.3' ],
351 silly audit   cssesc: [ '3.0.0' ],
351 silly audit   'damerau-levenshtein': [ '1.0.8' ],
351 silly audit   debug: [ '4.3.4', '2.6.9', '3.2.7' ],
351 silly audit   'deep-is': [ '0.1.4' ],
351 silly audit   'define-properties': [ '1.1.4' ],
351 silly audit   defined: [ '1.0.0' ],
351 silly audit   detective: [ '5.2.0' ],
351 silly audit   didyoumean: [ '1.2.2' ],
351 silly audit   'dir-glob': [ '3.0.1' ],
351 silly audit   dlv: [ '1.1.3' ],
351 silly audit   doctrine: [ '3.0.0', '2.1.0' ],
351 silly audit   dom7: [ '4.0.4' ],
351 silly audit   'electron-to-chromium': [ '1.4.129' ],
351 silly audit   'emoji-regex': [ '9.2.2' ],
351 silly audit   'es-abstract': [ '1.19.5' ],
351 silly audit   'es-shim-unscopables': [ '1.0.0' ],
351 silly audit   'es-to-primitive': [ '1.2.1' ],
351 silly audit   escalade: [ '3.1.1' ],
351 silly audit   'escape-string-regexp': [ '4.0.0', '1.0.5' ],
351 silly audit   eslint: [ '8.14.0' ],
351 silly audit   'eslint-config-next': [ '12.1.5' ],
351 silly audit   'eslint-import-resolver-node': [ '0.3.4', '0.3.6' ],
351 silly audit   ms: [ '2.0.0', '2.1.3', '2.1.2' ],
351 silly audit   'eslint-import-resolver-typescript': [ '2.4.0' ],
351 silly audit   'eslint-module-utils': [ '2.7.3' ],
351 silly audit   'eslint-plugin-import': [ '2.25.2' ],
351 silly audit   'eslint-plugin-jsx-a11y': [ '6.5.1' ],
351 silly audit   'eslint-plugin-react': [ '7.29.1' ],
351 silly audit   'eslint-plugin-react-hooks': [ '4.3.0' ],
351 silly audit   resolve: [ '2.0.0-next.3', '1.22.0' ],
351 silly audit   semver: [ '6.3.0', '7.3.7' ],
351 silly audit   'eslint-scope': [ '7.1.1' ],
351 silly audit   'eslint-utils': [ '3.0.0' ],
351 silly audit   'eslint-visitor-keys': [ '2.1.0', '3.3.0' ],
351 silly audit   espree: [ '9.3.1' ],
351 silly audit   esquery: [ '1.4.0' ],
351 silly audit   esrecurse: [ '4.3.0' ],
351 silly audit   estraverse: [ '5.3.0' ],
351 silly audit   esutils: [ '2.0.3' ],
351 silly audit   'fast-deep-equal': [ '3.1.3' ],
351 silly audit   'fast-glob': [ '3.2.11' ],
351 silly audit   'fast-json-stable-stringify': [ '2.1.0' ],
351 silly audit   'fast-levenshtein': [ '2.0.6' ],
351 silly audit   fastq: [ '1.13.0' ],
351 silly audit   'file-entry-cache': [ '6.0.1' ],
351 silly audit   'fill-range': [ '7.0.1' ],
351 silly audit   'find-up': [ '2.1.0' ],
351 silly audit   'flat-cache': [ '3.0.4' ],
351 silly audit   flatted: [ '3.2.5' ],
351 silly audit   'fraction.js': [ '4.2.0' ],
351 silly audit   'fs.realpath': [ '1.0.0' ],
351 silly audit   fsevents: [ '2.3.2' ],
351 silly audit   'function-bind': [ '1.1.1' ],
351 silly audit   'functional-red-black-tree': [ '1.0.1' ],
351 silly audit   'functions-have-names': [ '1.2.3' ],
351 silly audit   'get-intrinsic': [ '1.1.1' ],
351 silly audit   'get-symbol-description': [ '1.0.0' ],
351 silly audit   glob: [ '7.1.7' ],
351 silly audit   globals: [ '13.13.0', '11.12.0' ],
351 silly audit   globby: [ '11.1.0' ],
351 silly audit   'hamburger-react': [ '2.5.0' ],
351 silly audit   has: [ '1.0.3' ],
351 silly audit   'has-bigints': [ '1.0.2' ],
351 silly audit   'has-flag': [ '4.0.0', '3.0.0' ],
351 silly audit   'has-property-descriptors': [ '1.0.0' ],
351 silly audit   'has-symbols': [ '1.0.3' ],
351 silly audit   'has-tostringtag': [ '1.0.0' ],
351 silly audit   ignore: [ '5.2.0' ],
351 silly audit   'import-fresh': [ '3.3.0' ],
351 silly audit   imurmurhash: [ '0.1.4' ],
351 silly audit   inflight: [ '1.0.6' ],
351 silly audit   inherits: [ '2.0.4' ],
351 silly audit   'internal-slot': [ '1.0.3' ],
351 silly audit   'is-bigint': [ '1.0.4' ],
351 silly audit   'is-binary-path': [ '2.1.0' ],
351 silly audit   'is-boolean-object': [ '1.1.2' ],
351 silly audit   'is-callable': [ '1.2.4' ],
351 silly audit   'is-core-module': [ '2.9.0' ],
351 silly audit   'is-date-object': [ '1.0.5' ],
351 silly audit   'is-extglob': [ '2.1.1' ],
351 silly audit   'is-glob': [ '4.0.3' ],
351 silly audit   'is-negative-zero': [ '2.0.2' ],
351 silly audit   'is-number': [ '7.0.0' ],
351 silly audit   'is-number-object': [ '1.0.7' ],
351 silly audit   'is-regex': [ '1.1.4' ],
351 silly audit   'is-shared-array-buffer': [ '1.0.2' ],
351 silly audit   'is-string': [ '1.0.7' ],
351 silly audit   'is-symbol': [ '1.0.4' ],
351 silly audit   'is-weakref': [ '1.0.2' ],
351 silly audit   isexe: [ '2.0.0' ],
351 silly audit   'js-tokens': [ '4.0.0' ],
351 silly audit   'js-yaml': [ '4.1.0' ],
351 silly audit   'json-schema-traverse': [ '0.4.1' ],
351 silly audit   'json-stable-stringify-without-jsonify': [ '1.0.1' ],
351 silly audit   json5: [ '1.0.1', '2.2.1' ],
351 silly audit   'jsx-ast-utils': [ '3.3.0' ],
351 silly audit   'language-subtag-registry': [ '0.3.21' ],
351 silly audit   'language-tags': [ '1.0.5' ],
351 silly audit   levn: [ '0.4.1' ],
351 silly audit   lilconfig: [ '2.0.5' ],
351 silly audit   'locate-path': [ '2.0.0' ],
351 silly audit   'lodash.merge': [ '4.6.2' ],
351 silly audit   'loose-envify': [ '1.4.0' ],
351 silly audit   'lru-cache': [ '6.0.0' ],
351 silly audit   merge2: [ '1.4.1' ],
351 silly audit   micromatch: [ '4.0.5' ],
351 silly audit   minimatch: [ '3.1.2' ],
351 silly audit   minimist: [ '1.2.6' ],
351 silly audit   nanoid: [ '3.3.3' ],
351 silly audit   'natural-compare': [ '1.4.0' ],
351 silly audit   next: [ '12.1.5' ],
351 silly audit   postcss: [ '8.4.5', '8.4.13' ],
351 silly audit   'node-releases': [ '2.0.4' ],
351 silly audit   'normalize-path': [ '3.0.0' ],
351 silly audit   'normalize-range': [ '0.1.2' ],
351 silly audit   'object-assign': [ '4.1.1' ],
351 silly audit   'object-hash': [ '3.0.0' ],
351 silly audit   'object-inspect': [ '1.12.0' ],
351 silly audit   'object-keys': [ '1.1.1' ],
351 silly audit   'object.assign': [ '4.1.2' ],
351 silly audit   'object.entries': [ '1.1.5' ],
351 silly audit   'object.fromentries': [ '2.0.5' ],
351 silly audit   'object.hasown': [ '1.1.0' ],
351 silly audit   'object.values': [ '1.1.5' ],
351 silly audit   once: [ '1.4.0' ],
351 silly audit   optionator: [ '0.9.1' ],
351 silly audit   'p-limit': [ '1.3.0' ],
351 silly audit   'p-locate': [ '2.0.0' ],
351 silly audit   'p-try': [ '1.0.0' ],
351 silly audit   'parent-module': [ '1.0.1' ],
351 silly audit   'path-exists': [ '3.0.0' ],
351 silly audit   'path-is-absolute': [ '1.0.1' ],
351 silly audit   'path-key': [ '3.1.1' ],
351 silly audit   'path-parse': [ '1.0.7' ],
351 silly audit   'path-type': [ '4.0.0' ],
351 silly audit   picocolors: [ '1.0.0' ],
351 silly audit   picomatch: [ '2.3.1' ],
351 silly audit   'postcss-js': [ '4.0.0' ],
351 silly audit   'postcss-load-config': [ '3.1.4' ],
351 silly audit   'postcss-nested': [ '5.0.6' ],
351 silly audit   'postcss-selector-parser': [ '6.0.10' ],
351 silly audit   'postcss-value-parser': [ '4.2.0' ],
351 silly audit   'prelude-ls': [ '1.2.1' ],
351 silly audit   'prop-types': [ '15.8.1' ],
351 silly audit   punycode: [ '2.1.1' ],
351 silly audit   'queue-microtask': [ '1.2.3' ],
351 silly audit   'quick-lru': [ '5.1.1' ],
351 silly audit   react: [ '18.1.0' ],
351 silly audit   'react-dom': [ '18.1.0' ],
351 silly audit   'react-is': [ '16.13.1' ],
351 silly audit   readdirp: [ '3.6.0' ],
351 silly audit   'regenerator-runtime': [ '0.13.9' ],
351 silly audit   'regexp.prototype.flags': [ '1.4.3' ],
351 silly audit   regexpp: [ '3.2.0' ],
351 silly audit   'resolve-from': [ '4.0.0' ],
351 silly audit   reusify: [ '1.0.4' ],
351 silly audit   rimraf: [ '3.0.2' ],
351 silly audit   'run-parallel': [ '1.2.0' ],
351 silly audit   scheduler: [ '0.22.0' ],
351 silly audit   'shebang-command': [ '2.0.0' ],
351 silly audit   'shebang-regex': [ '3.0.0' ],
351 silly audit   'side-channel': [ '1.0.4' ],
351 silly audit   slash: [ '3.0.0' ],
351 silly audit   'source-map-js': [ '1.0.2' ],
351 silly audit   'ssr-window': [ '4.0.2' ],
351 silly audit   'string.prototype.matchall': [ '4.0.7' ],
351 silly audit   'string.prototype.trimend': [ '1.0.4' ],
351 silly audit   'string.prototype.trimstart': [ '1.0.4' ],
351 silly audit   'strip-ansi': [ '6.0.1' ],
351 silly audit   'strip-bom': [ '3.0.0' ],
351 silly audit   'strip-json-comments': [ '3.1.1' ],
351 silly audit   'styled-jsx': [ '5.0.1' ],
351 silly audit   'supports-color': [ '7.2.0', '5.5.0' ],
351 silly audit   'supports-preserve-symlinks-flag': [ '1.0.0' ],
351 silly audit   swiper: [ '8.1.4' ],
351 silly audit   tailwindcss: [ '3.0.24' ],
351 silly audit   'text-table': [ '0.2.0' ],
351 silly audit   'to-regex-range': [ '5.0.1' ],
351 silly audit   'tsconfig-paths': [ '3.14.1' ],
351 silly audit   tslib: [ '1.14.1' ],
351 silly audit   tsutils: [ '3.21.0' ],
351 silly audit   'type-check': [ '0.4.0' ],
351 silly audit   'type-fest': [ '0.20.2' ],
351 silly audit   typescript: [ '4.6.4' ],
351 silly audit   'unbox-primitive': [ '1.0.2' ],
351 silly audit   'uri-js': [ '4.4.1' ],
351 silly audit   'util-deprecate': [ '1.0.2' ],
351 silly audit   'v8-compile-cache': [ '2.3.0' ],
351 silly audit   which: [ '2.0.2' ],
351 silly audit   'which-boxed-primitive': [ '1.0.2' ],
351 silly audit   'word-wrap': [ '1.2.3' ],
351 silly audit   wrappy: [ '1.0.2' ],
351 silly audit   xtend: [ '4.0.2' ],
351 silly audit   yallist: [ '4.0.0' ],
351 silly audit   yaml: [ '1.10.2' ],
351 silly audit   'react-select': [ '5.3.1' ],
351 silly audit   '@emotion/cache': [ '11.7.1' ],
351 silly audit   '@emotion/react': [ '11.9.0' ],
351 silly audit   '@types/react-transition-group': [ '4.4.4' ],
351 silly audit   'memoize-one': [ '5.2.1' ],
351 silly audit   'react-transition-group': [ '4.4.2' ],
351 silly audit   '@emotion/memoize': [ '0.7.5' ],
351 silly audit   '@emotion/sheet': [ '1.1.0' ],
351 silly audit   '@emotion/utils': [ '1.1.0' ],
351 silly audit   '@emotion/weak-memoize': [ '0.2.5' ],
351 silly audit   stylis: [ '4.0.13' ],
351 silly audit   '@emotion/babel-plugin': [ '11.9.2' ],
351 silly audit   '@babel/core': [ '7.17.10' ],
351 silly audit   '@emotion/serialize': [ '1.0.3' ],
351 silly audit   'hoist-non-react-statics': [ '3.3.2' ],
351 silly audit   '@ampproject/remapping': [ '2.2.0' ],
351 silly audit   '@babel/code-frame': [ '7.16.7' ],
351 silly audit   '@babel/generator': [ '7.17.10' ],
351 silly audit   '@babel/helper-compilation-targets': [ '7.17.10' ],
351 silly audit   '@babel/helper-module-transforms': [ '7.17.7' ],
351 silly audit   '@babel/helpers': [ '7.17.9' ],
351 silly audit   '@babel/parser': [ '7.17.10' ],
351 silly audit   '@babel/template': [ '7.16.7' ],
351 silly audit   '@babel/traverse': [ '7.17.10' ],
351 silly audit   '@babel/types': [ '7.17.10' ],
351 silly audit   'convert-source-map': [ '1.8.0' ],
351 silly audit   gensync: [ '1.0.0-beta.2' ],
351 silly audit   '@jridgewell/gen-mapping': [ '0.1.1' ],
351 silly audit   '@jridgewell/trace-mapping': [ '0.3.9' ],
351 silly audit   '@babel/highlight': [ '7.17.9' ],
351 silly audit   jsesc: [ '2.5.2' ],
351 silly audit   '@babel/compat-data': [ '7.17.10' ],
351 silly audit   '@babel/helper-validator-option': [ '7.16.7' ],
351 silly audit   '@babel/helper-environment-visitor': [ '7.16.7' ],
351 silly audit   '@babel/helper-module-imports': [ '7.16.7' ],
351 silly audit   '@babel/helper-simple-access': [ '7.17.7' ],
351 silly audit   '@babel/helper-split-export-declaration': [ '7.16.7' ],
351 silly audit   '@babel/helper-validator-identifier': [ '7.16.7' ],
351 silly audit   '@babel/helper-function-name': [ '7.17.9' ],
351 silly audit   '@babel/helper-hoist-variables': [ '7.16.7' ],
351 silly audit   'to-fast-properties': [ '2.0.0' ],
351 silly audit   '@babel/plugin-syntax-jsx': [ '7.16.7' ],
351 silly audit   '@emotion/hash': [ '0.8.0' ],
351 silly audit   'babel-plugin-macros': [ '2.8.0' ],
351 silly audit   'find-root': [ '1.1.0' ],
351 silly audit   'source-map': [ '0.5.7' ],
351 silly audit   '@babel/helper-plugin-utils': [ '7.16.7' ],
351 silly audit   '@emotion/unitless': [ '0.7.5' ],
351 silly audit   csstype: [ '3.0.11' ],
351 silly audit   '@jridgewell/set-array': [ '1.1.0' ],
351 silly audit   '@jridgewell/sourcemap-codec': [ '1.4.12' ],
351 silly audit   '@jridgewell/resolve-uri': [ '3.0.6' ],
351 silly audit   '@types/react': [ '18.0.8' ],
351 silly audit   '@types/prop-types': [ '15.7.5' ],
351 silly audit   '@types/scheduler': [ '0.16.2' ],
351 silly audit   cosmiconfig: [ '6.0.0' ],
351 silly audit   'safe-buffer': [ '5.1.2' ],
351 silly audit   '@types/parse-json': [ '4.0.0' ],
351 silly audit   'parse-json': [ '5.2.0' ],
351 silly audit   'error-ex': [ '1.3.2' ],
351 silly audit   'json-parse-even-better-errors': [ '2.3.1' ],
351 silly audit   'lines-and-columns': [ '1.2.4' ],
351 silly audit   'is-arrayish': [ '0.2.1' ],
351 silly audit   'dom-helpers': [ '5.2.1' ]
351 silly audit }
352 verbose reify failed optional dependency E:\Projects\tirupati_client_architect_project\node_modules\fsevents
353 silly reify mark deleted [
353 silly reify   'E:\\Projects\\tirupati_client_architect_project\\node_modules\\fsevents'
353 silly reify ]
354 verbose reify failed optional dependency E:\Projects\tirupati_client_architect_project\node_modules\@next\swc-win32-ia32-msvc
355 silly reify mark deleted [
355 silly reify   'E:\\Projects\\tirupati_client_architect_project\\node_modules\\@next\\swc-win32-ia32-msvc'
355 silly reify ]
356 verbose reify failed optional dependency E:\Projects\tirupati_client_architect_project\node_modules\@next\swc-win32-arm64-msvc
357 silly reify mark deleted [
357 silly reify   'E:\\Projects\\tirupati_client_architect_project\\node_modules\\@next\\swc-win32-arm64-msvc'
357 silly reify ]
358 verbose reify failed optional dependency E:\Projects\tirupati_client_architect_project\node_modules\@next\swc-linux-x64-musl
359 silly reify mark deleted [
359 silly reify   'E:\\Projects\\tirupati_client_architect_project\\node_modules\\@next\\swc-linux-x64-musl'
359 silly reify ]
360 verbose reify failed optional dependency E:\Projects\tirupati_client_architect_project\node_modules\@next\swc-linux-x64-gnu
361 silly reify mark deleted [
361 silly reify   'E:\\Projects\\tirupati_client_architect_project\\node_modules\\@next\\swc-linux-x64-gnu'
361 silly reify ]
362 verbose reify failed optional dependency E:\Projects\tirupati_client_architect_project\node_modules\@next\swc-linux-arm64-musl
363 silly reify mark deleted [
363 silly reify   'E:\\Projects\\tirupati_client_architect_project\\node_modules\\@next\\swc-linux-arm64-musl'
363 silly reify ]
364 verbose reify failed optional dependency E:\Projects\tirupati_client_architect_project\node_modules\@next\swc-linux-arm64-gnu
365 silly reify mark deleted [
365 silly reify   'E:\\Projects\\tirupati_client_architect_project\\node_modules\\@next\\swc-linux-arm64-gnu'
365 silly reify ]
366 verbose reify failed optional dependency E:\Projects\tirupati_client_architect_project\node_modules\@next\swc-linux-arm-gnueabihf
367 silly reify mark deleted [
367 silly reify   'E:\\Projects\\tirupati_client_architect_project\\node_modules\\@next\\swc-linux-arm-gnueabihf'
367 silly reify ]
368 verbose reify failed optional dependency E:\Projects\tirupati_client_architect_project\node_modules\@next\swc-darwin-x64
369 silly reify mark deleted [
369 silly reify   'E:\\Projects\\tirupati_client_architect_project\\node_modules\\@next\\swc-darwin-x64'
369 silly reify ]
370 verbose reify failed optional dependency E:\Projects\tirupati_client_architect_project\node_modules\@next\swc-darwin-arm64
371 silly reify mark deleted [
371 silly reify   'E:\\Projects\\tirupati_client_architect_project\\node_modules\\@next\\swc-darwin-arm64'
371 silly reify ]
372 verbose reify failed optional dependency E:\Projects\tirupati_client_architect_project\node_modules\@next\swc-android-arm64
373 silly reify mark deleted [
373 silly reify   'E:\\Projects\\tirupati_client_architect_project\\node_modules\\@next\\swc-android-arm64'
373 silly reify ]
374 verbose reify failed optional dependency E:\Projects\tirupati_client_architect_project\node_modules\@next\swc-android-arm-eabi
375 silly reify mark deleted [
375 silly reify   'E:\\Projects\\tirupati_client_architect_project\\node_modules\\@next\\swc-android-arm-eabi'
375 silly reify ]
376 timing reifyNode:node_modules/fsevents Completed in 34ms
377 timing reifyNode:node_modules/@next/swc-win32-ia32-msvc Completed in 34ms
378 timing reifyNode:node_modules/@next/swc-win32-arm64-msvc Completed in 34ms
379 timing reifyNode:node_modules/@next/swc-linux-x64-musl Completed in 33ms
380 timing reifyNode:node_modules/@next/swc-linux-x64-gnu Completed in 33ms
381 timing reifyNode:node_modules/@next/swc-linux-arm64-musl Completed in 34ms
382 timing reifyNode:node_modules/@next/swc-linux-arm64-gnu Completed in 34ms
383 timing reifyNode:node_modules/@next/swc-linux-arm-gnueabihf Completed in 34ms
384 timing reifyNode:node_modules/@next/swc-darwin-x64 Completed in 34ms
385 timing reifyNode:node_modules/@next/swc-darwin-arm64 Completed in 34ms
386 timing reifyNode:node_modules/@next/swc-android-arm64 Completed in 34ms
387 timing reifyNode:node_modules/@next/swc-android-arm-eabi Completed in 34ms
388 silly tarball no local data for is-arrayish@https://registry.npmjs.org/is-arrayish/-/is-arrayish-0.2.1.tgz. Extracting by manifest.
389 silly tarball no local data for lines-and-columns@https://registry.npmjs.org/lines-and-columns/-/lines-and-columns-1.2.4.tgz. Extracting by manifest.
390 silly tarball no local data for dom-helpers@https://registry.npmjs.org/dom-helpers/-/dom-helpers-5.2.1.tgz. Extracting by manifest.
391 silly tarball no local data for json-parse-even-better-errors@https://registry.npmjs.org/json-parse-even-better-errors/-/json-parse-even-better-errors-2.3.1.tgz. Extracting by manifest.
392 silly tarball no local data for parse-json@https://registry.npmjs.org/parse-json/-/parse-json-5.2.0.tgz. Extracting by manifest.
393 silly tarball no local data for error-ex@https://registry.npmjs.org/error-ex/-/error-ex-1.3.2.tgz. Extracting by manifest.
394 silly tarball no local data for @types/parse-json@https://registry.npmjs.org/@types/parse-json/-/parse-json-4.0.0.tgz. Extracting by manifest.
395 silly tarball no local data for safe-buffer@https://registry.npmjs.org/safe-buffer/-/safe-buffer-5.1.2.tgz. Extracting by manifest.
396 silly tarball no local data for cosmiconfig@https://registry.npmjs.org/cosmiconfig/-/cosmiconfig-6.0.0.tgz. Extracting by manifest.
397 silly tarball no local data for @types/scheduler@https://registry.npmjs.org/@types/scheduler/-/scheduler-0.16.2.tgz. Extracting by manifest.
398 silly tarball no local data for @types/prop-types@https://registry.npmjs.org/@types/prop-types/-/prop-types-15.7.5.tgz. Extracting by manifest.
399 silly tarball no local data for @types/react@https://registry.npmjs.org/@types/react/-/react-18.0.8.tgz. Extracting by manifest.
400 silly tarball no local data for @jridgewell/resolve-uri@https://registry.npmjs.org/@jridgewell/resolve-uri/-/resolve-uri-3.0.6.tgz. Extracting by manifest.
401 silly tarball no local data for @jridgewell/sourcemap-codec@https://registry.npmjs.org/@jridgewell/sourcemap-codec/-/sourcemap-codec-1.4.12.tgz. Extracting by manifest.
402 silly tarball no local data for @emotion/unitless@https://registry.npmjs.org/@emotion/unitless/-/unitless-0.7.5.tgz. Extracting by manifest.
403 silly tarball no local data for @jridgewell/set-array@https://registry.npmjs.org/@jridgewell/set-array/-/set-array-1.1.0.tgz. Extracting by manifest.
404 silly tarball no local data for @babel/helper-plugin-utils@https://registry.npmjs.org/@babel/helper-plugin-utils/-/helper-plugin-utils-7.16.7.tgz. Extracting by manifest.
405 silly tarball no local data for csstype@https://registry.npmjs.org/csstype/-/csstype-3.0.11.tgz. Extracting by manifest.
406 silly tarball no local data for source-map@https://registry.npmjs.org/source-map/-/source-map-0.5.7.tgz. Extracting by manifest.
407 silly tarball no local data for find-root@https://registry.npmjs.org/find-root/-/find-root-1.1.0.tgz. Extracting by manifest.
408 silly tarball no local data for babel-plugin-macros@https://registry.npmjs.org/babel-plugin-macros/-/babel-plugin-macros-2.8.0.tgz. Extracting by manifest.
409 silly tarball no local data for @emotion/hash@https://registry.npmjs.org/@emotion/hash/-/hash-0.8.0.tgz. Extracting by manifest.
410 silly tarball no local data for to-fast-properties@https://registry.npmjs.org/to-fast-properties/-/to-fast-properties-2.0.0.tgz. Extracting by manifest.
411 silly tarball no local data for @babel/plugin-syntax-jsx@https://registry.npmjs.org/@babel/plugin-syntax-jsx/-/plugin-syntax-jsx-7.16.7.tgz. Extracting by manifest.
412 silly tarball no local data for @babel/helper-hoist-variables@https://registry.npmjs.org/@babel/helper-hoist-variables/-/helper-hoist-variables-7.16.7.tgz. Extracting by manifest.
413 silly tarball no local data for @babel/helper-function-name@https://registry.npmjs.org/@babel/helper-function-name/-/helper-function-name-7.17.9.tgz. Extracting by manifest.
414 silly tarball no local data for @babel/helper-split-export-declaration@https://registry.npmjs.org/@babel/helper-split-export-declaration/-/helper-split-export-declaration-7.16.7.tgz. Extracting by manifest.
415 silly tarball no local data for @babel/helper-validator-identifier@https://registry.npmjs.org/@babel/helper-validator-identifier/-/helper-validator-identifier-7.16.7.tgz. Extracting by manifest.
416 silly tarball no local data for @babel/helper-simple-access@https://registry.npmjs.org/@babel/helper-simple-access/-/helper-simple-access-7.17.7.tgz. Extracting by manifest.
417 silly tarball no local data for @babel/helper-module-imports@https://registry.npmjs.org/@babel/helper-module-imports/-/helper-module-imports-7.16.7.tgz. Extracting by manifest.
418 silly tarball no local data for @babel/helper-environment-visitor@https://registry.npmjs.org/@babel/helper-environment-visitor/-/helper-environment-visitor-7.16.7.tgz. Extracting by manifest.
419 silly tarball no local data for @babel/compat-data@https://registry.npmjs.org/@babel/compat-data/-/compat-data-7.17.10.tgz. Extracting by manifest.
420 silly tarball no local data for @babel/helper-validator-option@https://registry.npmjs.org/@babel/helper-validator-option/-/helper-validator-option-7.16.7.tgz. Extracting by manifest.
421 silly tarball no local data for jsesc@https://registry.npmjs.org/jsesc/-/jsesc-2.5.2.tgz. Extracting by manifest.
422 silly tarball no local data for @babel/highlight@https://registry.npmjs.org/@babel/highlight/-/highlight-7.17.9.tgz. Extracting by manifest.
423 silly tarball no local data for @jridgewell/trace-mapping@https://registry.npmjs.org/@jridgewell/trace-mapping/-/trace-mapping-0.3.9.tgz. Extracting by manifest.
424 silly tarball no local data for @jridgewell/gen-mapping@https://registry.npmjs.org/@jridgewell/gen-mapping/-/gen-mapping-0.1.1.tgz. Extracting by manifest.
425 silly tarball no local data for convert-source-map@https://registry.npmjs.org/convert-source-map/-/convert-source-map-1.8.0.tgz. Extracting by manifest.
426 silly tarball no local data for gensync@https://registry.npmjs.org/gensync/-/gensync-1.0.0-beta.2.tgz. Extracting by manifest.
427 silly tarball no local data for @babel/types@https://registry.npmjs.org/@babel/types/-/types-7.17.10.tgz. Extracting by manifest.
428 silly tarball no local data for @babel/template@https://registry.npmjs.org/@babel/template/-/template-7.16.7.tgz. Extracting by manifest.
429 silly tarball no local data for @babel/parser@https://registry.npmjs.org/@babel/parser/-/parser-7.17.10.tgz. Extracting by manifest.
430 silly tarball no local data for @babel/traverse@https://registry.npmjs.org/@babel/traverse/-/traverse-7.17.10.tgz. Extracting by manifest.
431 silly tarball no local data for @babel/helpers@https://registry.npmjs.org/@babel/helpers/-/helpers-7.17.9.tgz. Extracting by manifest.
432 silly tarball no local data for @babel/helper-module-transforms@https://registry.npmjs.org/@babel/helper-module-transforms/-/helper-module-transforms-7.17.7.tgz. Extracting by manifest.
433 silly tarball no local data for @babel/generator@https://registry.npmjs.org/@babel/generator/-/generator-7.17.10.tgz. Extracting by manifest.
434 silly tarball no local data for @babel/code-frame@https://registry.npmjs.org/@babel/code-frame/-/code-frame-7.16.7.tgz. Extracting by manifest.
435 silly tarball no local data for @ampproject/remapping@https://registry.npmjs.org/@ampproject/remapping/-/remapping-2.2.0.tgz. Extracting by manifest.
436 silly tarball no local data for hoist-non-react-statics@https://registry.npmjs.org/hoist-non-react-statics/-/hoist-non-react-statics-3.3.2.tgz. Extracting by manifest.
437 silly tarball no local data for @emotion/serialize@https://registry.npmjs.org/@emotion/serialize/-/serialize-1.0.3.tgz. Extracting by manifest.
438 silly tarball no local data for @babel/core@https://registry.npmjs.org/@babel/core/-/core-7.17.10.tgz. Extracting by manifest.
439 silly tarball no local data for @emotion/babel-plugin@https://registry.npmjs.org/@emotion/babel-plugin/-/babel-plugin-11.9.2.tgz. Extracting by manifest.
440 silly tarball no local data for @emotion/weak-memoize@https://registry.npmjs.org/@emotion/weak-memoize/-/weak-memoize-0.2.5.tgz. Extracting by manifest.
441 silly tarball no local data for stylis@https://registry.npmjs.org/stylis/-/stylis-4.0.13.tgz. Extracting by manifest.
442 silly tarball no local data for @emotion/utils@https://registry.npmjs.org/@emotion/utils/-/utils-1.1.0.tgz. Extracting by manifest.
443 silly tarball no local data for @emotion/sheet@https://registry.npmjs.org/@emotion/sheet/-/sheet-1.1.0.tgz. Extracting by manifest.
444 silly tarball no local data for @babel/helper-compilation-targets@https://registry.npmjs.org/@babel/helper-compilation-targets/-/helper-compilation-targets-7.17.10.tgz. Extracting by manifest.
445 silly tarball no local data for @emotion/memoize@https://registry.npmjs.org/@emotion/memoize/-/memoize-0.7.5.tgz. Extracting by manifest.
446 silly tarball no local data for react-transition-group@https://registry.npmjs.org/react-transition-group/-/react-transition-group-4.4.2.tgz. Extracting by manifest.
447 silly tarball no local data for memoize-one@https://registry.npmjs.org/memoize-one/-/memoize-one-5.2.1.tgz. Extracting by manifest.
448 silly tarball no local data for @types/react-transition-group@https://registry.npmjs.org/@types/react-transition-group/-/react-transition-group-4.4.4.tgz. Extracting by manifest.
449 silly tarball no local data for @emotion/cache@https://registry.npmjs.org/@emotion/cache/-/cache-11.7.1.tgz. Extracting by manifest.
450 silly tarball no local data for @emotion/react@https://registry.npmjs.org/@emotion/react/-/react-11.9.0.tgz. Extracting by manifest.
451 silly tarball no local data for has-flag@https://registry.npmjs.org/has-flag/-/has-flag-3.0.0.tgz. Extracting by manifest.
452 silly tarball no local data for react-select@https://registry.npmjs.org/react-select/-/react-select-5.3.1.tgz. Extracting by manifest.
453 silly tarball no local data for color-name@https://registry.npmjs.org/color-name/-/color-name-1.1.3.tgz. Extracting by manifest.
454 silly tarball no local data for color-convert@https://registry.npmjs.org/color-convert/-/color-convert-1.9.3.tgz. Extracting by manifest.
455 silly tarball no local data for supports-color@https://registry.npmjs.org/supports-color/-/supports-color-5.5.0.tgz. Extracting by manifest.
456 silly tarball no local data for escape-string-regexp@https://registry.npmjs.org/escape-string-regexp/-/escape-string-regexp-1.0.5.tgz. Extracting by manifest.
457 silly tarball no local data for ansi-styles@https://registry.npmjs.org/ansi-styles/-/ansi-styles-3.2.1.tgz. Extracting by manifest.
458 silly tarball no local data for chalk@https://registry.npmjs.org/chalk/-/chalk-2.4.2.tgz. Extracting by manifest.
459 silly tarball no local data for globals@https://registry.npmjs.org/globals/-/globals-11.12.0.tgz. Extracting by manifest.
460 silly tarball no local data for json5@https://registry.npmjs.org/json5/-/json5-2.2.1.tgz. Extracting by manifest.
461 http fetch POST 200 https://registry.npmjs.org/-/npm/v1/security/advisories/bulk 797ms
462 timing auditReport:getReport Completed in 810ms
463 silly audit report {}
464 timing auditReport:init Completed in 0ms
465 timing reify:audit Completed in 811ms
466 http fetch GET 200 https://registry.npmjs.org/lines-and-columns/-/lines-and-columns-1.2.4.tgz 1548ms (cache miss)
467 http fetch GET 200 https://registry.npmjs.org/parse-json/-/parse-json-5.2.0.tgz 1546ms (cache miss)
468 http fetch GET 200 https://registry.npmjs.org/safe-buffer/-/safe-buffer-5.1.2.tgz 1547ms (cache miss)
469 http fetch GET 200 https://registry.npmjs.org/@jridgewell/resolve-uri/-/resolve-uri-3.0.6.tgz 1512ms (cache miss)
470 timing reifyNode:node_modules/parse-json Completed in 1698ms
471 http fetch GET 200 https://registry.npmjs.org/error-ex/-/error-ex-1.3.2.tgz 1576ms (cache miss)
472 timing reifyNode:node_modules/error-ex Completed in 1703ms
473 http fetch GET 200 https://registry.npmjs.org/@types/prop-types/-/prop-types-15.7.5.tgz 1558ms (cache miss)
474 timing reifyNode:node_modules/@types/prop-types Completed in 1718ms
475 http fetch GET 200 https://registry.npmjs.org/@types/parse-json/-/parse-json-4.0.0.tgz 1612ms (cache miss)
476 timing reifyNode:node_modules/@types/parse-json Completed in 1745ms
477 http fetch GET 200 https://registry.npmjs.org/@emotion/unitless/-/unitless-0.7.5.tgz 1564ms (cache miss)
478 http fetch GET 200 https://registry.npmjs.org/find-root/-/find-root-1.1.0.tgz 1535ms (cache miss)
479 http fetch GET 200 https://registry.npmjs.org/@babel/helper-plugin-utils/-/helper-plugin-utils-7.16.7.tgz 1567ms (cache miss)
480 timing reifyNode:node_modules/@babel/helper-plugin-utils Completed in 1794ms
481 http fetch GET 200 https://registry.npmjs.org/is-arrayish/-/is-arrayish-0.2.1.tgz 1756ms (cache miss)
482 http fetch GET 200 https://registry.npmjs.org/@jridgewell/set-array/-/set-array-1.1.0.tgz 1705ms (cache miss)
483 http fetch GET 200 https://registry.npmjs.org/@babel/plugin-syntax-jsx/-/plugin-syntax-jsx-7.16.7.tgz 1665ms (cache miss)
484 http fetch GET 200 https://registry.npmjs.org/@types/scheduler/-/scheduler-0.16.2.tgz 1785ms (cache miss)
485 http fetch GET 200 https://registry.npmjs.org/@babel/helper-split-export-declaration/-/helper-split-export-declaration-7.16.7.tgz 1684ms (cache miss)
486 timing reifyNode:node_modules/@types/scheduler Completed in 1967ms
487 timing reifyNode:node_modules/@babel/plugin-syntax-jsx Completed in 1967ms
488 http fetch GET 200 https://registry.npmjs.org/@babel/helper-simple-access/-/helper-simple-access-7.17.7.tgz 1660ms (cache miss)
489 http fetch GET 200 https://registry.npmjs.org/@babel/helper-function-name/-/helper-function-name-7.17.9.tgz 1713ms (cache miss)
490 http fetch GET 200 https://registry.npmjs.org/@babel/helper-hoist-variables/-/helper-hoist-variables-7.16.7.tgz 1724ms (cache miss)
491 timing reifyNode:node_modules/@babel/helper-split-export-declaration Completed in 2006ms
492 timing reifyNode:node_modules/@babel/helper-hoist-variables Completed in 2016ms
493 timing reifyNode:node_modules/lines-and-columns Completed in 2020ms
494 http fetch GET 200 https://registry.npmjs.org/jsesc/-/jsesc-2.5.2.tgz 1636ms (cache miss)
495 http fetch GET 200 https://registry.npmjs.org/@babel/compat-data/-/compat-data-7.17.10.tgz 1662ms (cache miss)
496 http fetch GET 200 https://registry.npmjs.org/@babel/highlight/-/highlight-7.17.9.tgz 1652ms (cache miss)
497 http fetch GET 200 https://registry.npmjs.org/@babel/helper-validator-option/-/helper-validator-option-7.16.7.tgz 1677ms (cache miss)
498 http fetch GET 200 https://registry.npmjs.org/gensync/-/gensync-1.0.0-beta.2.tgz 1655ms (cache miss)
499 http fetch GET 200 https://registry.npmjs.org/convert-source-map/-/convert-source-map-1.8.0.tgz 1666ms (cache miss)
500 timing reifyNode:node_modules/convert-source-map Completed in 2077ms
501 timing reifyNode:node_modules/@babel/helper-simple-access Completed in 2079ms
502 timing reifyNode:node_modules/@babel/helper-function-name Completed in 2086ms
503 http fetch GET 200 https://registry.npmjs.org/babel-plugin-macros/-/babel-plugin-macros-2.8.0.tgz 1868ms (cache miss)
504 timing reifyNode:node_modules/safe-buffer Completed in 2103ms
505 http fetch GET 200 https://registry.npmjs.org/@emotion/hash/-/hash-0.8.0.tgz 1866ms (cache miss)
506 http fetch GET 200 https://registry.npmjs.org/to-fast-properties/-/to-fast-properties-2.0.0.tgz 1867ms (cache miss)
507 timing reifyNode:node_modules/to-fast-properties Completed in 2119ms
508 http fetch GET 200 https://registry.npmjs.org/@babel/helper-environment-visitor/-/helper-environment-visitor-7.16.7.tgz 1767ms (cache miss)
509 timing reifyNode:node_modules/@babel/highlight Completed in 2130ms
510 timing reifyNode:node_modules/@babel/helper-environment-visitor Completed in 2140ms
511 http fetch GET 200 https://registry.npmjs.org/@babel/helper-module-imports/-/helper-module-imports-7.16.7.tgz 1855ms (cache miss)
512 http fetch GET 200 https://registry.npmjs.org/@babel/template/-/template-7.16.7.tgz 1762ms (cache miss)
513 timing reifyNode:node_modules/babel-plugin-macros Completed in 2243ms
514 http fetch GET 200 https://registry.npmjs.org/@jridgewell/gen-mapping/-/gen-mapping-0.1.1.tgz 1848ms (cache miss)
515 http fetch GET 200 https://registry.npmjs.org/@babel/helper-module-transforms/-/helper-module-transforms-7.17.7.tgz 1807ms (cache miss)
516 http fetch GET 200 https://registry.npmjs.org/hoist-non-react-statics/-/hoist-non-react-statics-3.3.2.tgz 1820ms (cache miss)
517 http fetch GET 200 https://registry.npmjs.org/@babel/code-frame/-/code-frame-7.16.7.tgz 1878ms (cache miss)
518 timing reifyNode:node_modules/@babel/code-frame Completed in 2386ms
519 timing reifyNode:node_modules/find-root Completed in 2394ms
520 timing reifyNode:node_modules/@babel/helper-validator-option Completed in 2392ms
521 http fetch GET 200 https://registry.npmjs.org/@emotion/sheet/-/sheet-1.1.0.tgz 1863ms (cache miss)
522 http fetch GET 200 https://registry.npmjs.org/@emotion/utils/-/utils-1.1.0.tgz 1876ms (cache miss)
523 http fetch GET 200 https://registry.npmjs.org/@emotion/weak-memoize/-/weak-memoize-0.2.5.tgz 1900ms (cache miss)
524 http fetch GET 200 https://registry.npmjs.org/@emotion/cache/-/cache-11.7.1.tgz 1877ms (cache miss)
525 http fetch GET 200 https://registry.npmjs.org/memoize-one/-/memoize-one-5.2.1.tgz 1900ms (cache miss)
526 http fetch GET 200 https://registry.npmjs.org/@types/react-transition-group/-/react-transition-group-4.4.4.tgz 1947ms (cache miss)
527 http fetch GET 200 https://registry.npmjs.org/escape-string-regexp/-/escape-string-regexp-1.0.5.tgz 1907ms (cache miss)
528 http fetch GET 200 https://registry.npmjs.org/supports-color/-/supports-color-5.5.0.tgz 1921ms (cache miss)
529 http fetch GET 200 https://registry.npmjs.org/chalk/-/chalk-2.4.2.tgz 1905ms (cache miss)
530 http fetch GET 200 https://registry.npmjs.org/color-convert/-/color-convert-1.9.3.tgz 1946ms (cache miss)
531 timing reifyNode:node_modules/is-arrayish Completed in 2594ms
532 timing reifyNode:node_modules/@babel/highlight/node_modules/escape-string-regexp Completed in 2611ms
533 http fetch GET 200 https://registry.npmjs.org/globals/-/globals-11.12.0.tgz 1950ms (cache miss)
534 http fetch GET 200 https://registry.npmjs.org/@emotion/serialize/-/serialize-1.0.3.tgz 2153ms (cache miss)
535 timing reifyNode:node_modules/jsesc Completed in 2672ms
536 timing reifyNode:node_modules/@babel/helper-compilation-targets/node_modules/semver Completed in 2678ms
537 http fetch GET 200 https://registry.npmjs.org/@emotion/memoize/-/memoize-0.7.5.tgz 2117ms (cache miss)
538 timing reifyNode:node_modules/@babel/helper-module-imports Completed in 2691ms
539 http fetch GET 200 https://registry.npmjs.org/has-flag/-/has-flag-3.0.0.tgz 2085ms (cache miss)
540 timing reifyNode:node_modules/@babel/highlight/node_modules/has-flag Completed in 2699ms
541 timing reifyNode:node_modules/@babel/core/node_modules/semver Completed in 2701ms
542 http fetch GET 200 https://registry.npmjs.org/json-parse-even-better-errors/-/json-parse-even-better-errors-2.3.1.tgz 2623ms (cache miss)
543 timing reifyNode:node_modules/json-parse-even-better-errors Completed in 2743ms
544 timing reifyNode:node_modules/@babel/highlight/node_modules/supports-color Completed in 2738ms
545 timing reifyNode:node_modules/@jridgewell/set-array Completed in 2744ms
546 timing reifyNode:node_modules/gensync Completed in 2738ms
547 timing reifyNode:node_modules/@jridgewell/resolve-uri Completed in 2768ms
548 timing reifyNode:node_modules/@babel/traverse/node_modules/globals Completed in 2780ms
549 timing reifyNode:node_modules/@babel/helper-module-transforms Completed in 2917ms
550 timing reifyNode:node_modules/@babel/highlight/node_modules/color-convert Completed in 2924ms
551 timing reifyNode:node_modules/@babel/highlight/node_modules/chalk Completed in 2926ms
552 timing reifyNode:node_modules/hoist-non-react-statics Completed in 2966ms
553 http fetch GET 200 https://registry.npmjs.org/@babel/helper-validator-identifier/-/helper-validator-identifier-7.16.7.tgz 2683ms (cache miss)
554 timing reifyNode:node_modules/@babel/helper-validator-identifier Completed in 2982ms
555 http fetch GET 200 https://registry.npmjs.org/@jridgewell/sourcemap-codec/-/sourcemap-codec-1.4.12.tgz 2820ms (cache miss)
556 timing reifyNode:node_modules/@jridgewell/sourcemap-codec Completed in 3007ms
557 http fetch GET 200 https://registry.npmjs.org/ansi-styles/-/ansi-styles-3.2.1.tgz 2351ms (cache miss)
558 timing reifyNode:node_modules/@babel/highlight/node_modules/ansi-styles Completed in 3015ms
559 timing reifyNode:node_modules/@emotion/unitless Completed in 3036ms
560 timing reifyNode:node_modules/@jridgewell/gen-mapping Completed in 3047ms
561 timing reifyNode:node_modules/@types/react-transition-group Completed in 3049ms
562 timing reifyNode:node_modules/@babel/template Completed in 3071ms
563 http fetch GET 200 https://registry.npmjs.org/color-name/-/color-name-1.1.3.tgz 2532ms (cache miss)
564 timing reifyNode:node_modules/@babel/highlight/node_modules/color-name Completed in 3165ms
565 http fetch GET 200 https://registry.npmjs.org/@ampproject/remapping/-/remapping-2.2.0.tgz 2731ms (cache miss)
566 http fetch GET 200 https://registry.npmjs.org/@types/react/-/react-18.0.8.tgz 3090ms (cache miss)
567 timing reifyNode:node_modules/@types/react Completed in 3257ms
568 timing reifyNode:node_modules/@ampproject/remapping Completed in 3260ms
569 timing reifyNode:node_modules/@emotion/memoize Completed in 3266ms
570 timing reifyNode:node_modules/@babel/compat-data Completed in 3373ms
571 timing reifyNode:node_modules/memoize-one Completed in 3369ms
572 timing reifyNode:node_modules/@emotion/hash Completed in 3378ms
573 timing reifyNode:node_modules/@emotion/serialize Completed in 3378ms
574 timing reifyNode:node_modules/@emotion/utils Completed in 3382ms
575 http fetch GET 200 https://registry.npmjs.org/@babel/helper-compilation-targets/-/helper-compilation-targets-7.17.10.tgz 2843ms (cache miss)
576 timing reifyNode:node_modules/@babel/helper-compilation-targets Completed in 3405ms
577 http fetch GET 200 https://registry.npmjs.org/@babel/helpers/-/helpers-7.17.9.tgz 2952ms (cache miss)
578 timing reifyNode:node_modules/@emotion/sheet Completed in 3414ms
579 timing reifyNode:node_modules/@babel/helpers Completed in 3435ms
580 timing reifyNode:node_modules/@emotion/weak-memoize Completed in 3478ms
581 timing reifyNode:node_modules/@emotion/cache Completed in 3481ms
582 http fetch GET 200 https://registry.npmjs.org/@jridgewell/trace-mapping/-/trace-mapping-0.3.9.tgz 3164ms (cache miss)
583 timing reifyNode:node_modules/@jridgewell/trace-mapping Completed in 3565ms
584 http fetch GET 200 https://registry.npmjs.org/stylis/-/stylis-4.0.13.tgz 3092ms (cache miss)
585 timing reifyNode:node_modules/stylis Completed in 3628ms
586 http fetch GET 200 https://registry.npmjs.org/csstype/-/csstype-3.0.11.tgz 3555ms (cache miss)
587 timing reifyNode:node_modules/csstype Completed in 3765ms
588 http fetch GET 200 https://registry.npmjs.org/json5/-/json5-2.2.1.tgz 3109ms (cache miss)
589 timing reifyNode:node_modules/@babel/core/node_modules/json5 Completed in 3801ms
590 http fetch GET 200 https://registry.npmjs.org/@babel/generator/-/generator-7.17.10.tgz 3397ms (cache miss)
591 timing reifyNode:node_modules/@babel/generator Completed in 3871ms
592 http fetch GET 200 https://registry.npmjs.org/source-map/-/source-map-0.5.7.tgz 3710ms (cache miss)
593 timing reifyNode:node_modules/source-map Completed in 3933ms
594 http fetch GET 200 https://registry.npmjs.org/@emotion/babel-plugin/-/babel-plugin-11.9.2.tgz 3497ms (cache miss)
595 timing reifyNode:node_modules/@emotion/babel-plugin Completed in 4023ms
596 http fetch GET 200 https://registry.npmjs.org/@babel/parser/-/parser-7.17.10.tgz 3631ms (cache miss)
597 timing reifyNode:node_modules/@babel/parser Completed in 4080ms
598 http fetch GET 200 https://registry.npmjs.org/react-transition-group/-/react-transition-group-4.4.2.tgz 3525ms (cache miss)
599 http fetch GET 200 https://registry.npmjs.org/@babel/traverse/-/traverse-7.17.10.tgz 3649ms (cache miss)
600 timing reifyNode:node_modules/react-transition-group Completed in 4108ms
601 timing reifyNode:node_modules/@babel/traverse Completed in 4112ms
602 http fetch GET 200 https://registry.npmjs.org/cosmiconfig/-/cosmiconfig-6.0.0.tgz 4019ms (cache miss)
603 timing reifyNode:node_modules/cosmiconfig Completed in 4162ms
604 http fetch GET 200 https://registry.npmjs.org/@babel/core/-/core-7.17.10.tgz 4342ms (cache miss)
605 timing reifyNode:node_modules/@babel/core Completed in 4874ms
606 http fetch GET 200 https://registry.npmjs.org/@emotion/react/-/react-11.9.0.tgz 4318ms (cache miss)
607 timing reifyNode:node_modules/@emotion/react Completed in 4922ms
608 http fetch GET 200 https://registry.npmjs.org/react-select/-/react-select-5.3.1.tgz 4512ms (cache miss)
609 timing reifyNode:node_modules/react-select Completed in 5132ms
610 http fetch GET 200 https://registry.npmjs.org/@babel/types/-/types-7.17.10.tgz 4767ms (cache miss)
611 timing reifyNode:node_modules/@babel/types Completed in 5202ms
612 http fetch GET 200 https://registry.npmjs.org/dom-helpers/-/dom-helpers-5.2.1.tgz 5643ms (cache miss)
613 timing reifyNode:node_modules/dom-helpers Completed in 5761ms
614 timing reify:unpack Completed in 5761ms
615 timing reify:unretire Completed in 0ms
616 timing build:queue Completed in 10ms
617 timing build:link:node_modules/@babel/parser Completed in 35ms
618 timing build:link:node_modules/jsesc Completed in 34ms
619 timing build:link:node_modules/@babel/core/node_modules/json5 Completed in 37ms
620 timing build:link:node_modules/@babel/helper-compilation-targets/node_modules/semver Completed in 37ms
621 timing build:link:node_modules/@babel/core/node_modules/semver Completed in 38ms
622 timing build:link Completed in 43ms
623 timing build:deps Completed in 55ms
624 timing build Completed in 56ms
625 timing reify:build Completed in 57ms
626 timing reify:trash Completed in 12ms
627 timing reify:save Completed in 198ms
628 timing reify Completed in 14728ms
629 silly ADD node_modules/dom-helpers
630 silly ADD node_modules/is-arrayish
631 silly ADD node_modules/lines-and-columns
632 silly ADD node_modules/json-parse-even-better-errors
633 silly ADD node_modules/error-ex
634 silly ADD node_modules/parse-json
635 silly ADD node_modules/@types/parse-json
636 silly ADD node_modules/safe-buffer
637 silly ADD node_modules/cosmiconfig
638 silly ADD node_modules/@types/scheduler
639 silly ADD node_modules/@types/prop-types
640 silly ADD node_modules/@types/react
641 silly ADD node_modules/@jridgewell/resolve-uri
642 silly ADD node_modules/@jridgewell/sourcemap-codec
643 silly ADD node_modules/@jridgewell/set-array
644 silly ADD node_modules/csstype
645 silly ADD node_modules/@emotion/unitless
646 silly ADD node_modules/@babel/helper-plugin-utils
647 silly ADD node_modules/source-map
648 silly ADD node_modules/find-root
649 silly ADD node_modules/babel-plugin-macros
650 silly ADD node_modules/@emotion/hash
651 silly ADD node_modules/@babel/plugin-syntax-jsx
652 silly ADD node_modules/to-fast-properties
653 silly ADD node_modules/@babel/helper-hoist-variables
654 silly ADD node_modules/@babel/helper-function-name
655 silly ADD node_modules/@babel/helper-validator-identifier
656 silly ADD node_modules/@babel/helper-split-export-declaration
657 silly ADD node_modules/@babel/helper-simple-access
658 silly ADD node_modules/@babel/helper-module-imports
659 silly ADD node_modules/@babel/helper-environment-visitor
660 silly ADD node_modules/@babel/helper-validator-option
661 silly ADD node_modules/@babel/compat-data
662 silly ADD node_modules/jsesc
663 silly ADD node_modules/@babel/highlight
664 silly ADD node_modules/@babel/highlight/node_modules/has-flag
665 silly ADD node_modules/@babel/highlight/node_modules/color-name
666 silly ADD node_modules/@babel/highlight/node_modules/color-convert
667 silly ADD node_modules/@babel/highlight/node_modules/supports-color
668 silly ADD node_modules/@babel/highlight/node_modules/escape-string-regexp
669 silly ADD node_modules/@babel/highlight/node_modules/ansi-styles
670 silly ADD node_modules/@babel/highlight/node_modules/chalk
671 silly ADD node_modules/@jridgewell/trace-mapping
672 silly ADD node_modules/@jridgewell/gen-mapping
673 silly ADD node_modules/gensync
674 silly ADD node_modules/convert-source-map
675 silly ADD node_modules/@babel/types
676 silly ADD node_modules/@babel/traverse
677 silly ADD node_modules/@babel/traverse/node_modules/globals
678 silly ADD node_modules/@babel/template
679 silly ADD node_modules/@babel/parser
680 silly ADD node_modules/@babel/helpers
681 silly ADD node_modules/@babel/helper-module-transforms
682 silly ADD node_modules/@babel/helper-compilation-targets
683 silly ADD node_modules/@babel/helper-compilation-targets/node_modules/semver
684 silly ADD node_modules/@babel/generator
685 silly ADD node_modules/@babel/code-frame
686 silly ADD node_modules/@ampproject/remapping
687 silly ADD node_modules/hoist-non-react-statics
688 silly ADD node_modules/@emotion/serialize
689 silly ADD node_modules/@babel/core
690 silly ADD node_modules/@babel/core/node_modules/semver
691 silly ADD node_modules/@babel/core/node_modules/json5
692 silly ADD node_modules/@emotion/babel-plugin
693 silly ADD node_modules/stylis
694 silly ADD node_modules/@emotion/weak-memoize
695 silly ADD node_modules/@emotion/utils
696 silly ADD node_modules/@emotion/sheet
697 silly ADD node_modules/@emotion/memoize
698 silly ADD node_modules/react-transition-group
699 silly ADD node_modules/memoize-one
700 silly ADD node_modules/@types/react-transition-group
701 silly ADD node_modules/@emotion/react
702 silly ADD node_modules/@emotion/cache
703 silly ADD node_modules/react-select
704 silly ADD
705 silly ADD
706 silly ADD
707 silly ADD
708 silly ADD
709 silly ADD
710 silly ADD
711 silly ADD
712 silly ADD
713 silly ADD
714 silly ADD
715 silly ADD
716 timing command:i Completed in 14748ms
717 verbose exit 0
718 timing npm Completed in 22440ms
719 info ok
