0 verbose cli [
0 verbose cli   'C:\\Program Files\\nodejs\\node.exe',
0 verbose cli   'C:\\Users\\Nazeer Basha Shaik\\AppData\\Roaming\\npm\\node_modules\\npm\\bin\\npm-cli.js',
0 verbose cli   'exec',
0 verbose cli   '--',
0 verbose cli   'tailwindcss',
0 verbose cli   'init',
0 verbose cli   '-p'
0 verbose cli ]
1 info using npm@8.4.0
2 info using node@v16.13.0
3 timing npm:load:whichnode Completed in 1ms
4 timing config:load:defaults Completed in 3ms
5 timing config:load:file:C:\Users\Nazeer Basha Shaik\AppData\Roaming\npm\node_modules\npm\npmrc Completed in 68ms
6 timing config:load:builtin Completed in 69ms
7 timing config:load:cli Completed in 70ms
8 timing config:load:env Completed in 3ms
9 timing config:load:file:E:\Projects\tirupati_client_architect_project\.npmrc Completed in 1ms
10 timing config:load:project Completed in 36ms
11 timing config:load:file:C:\Users\Nazeer Basha Shaik\.npmrc Completed in 1ms
12 timing config:load:user Completed in 1ms
13 timing config:load:file:C:\Users\Nazeer Basha Shaik\AppData\Roaming\npm\etc\npmrc Completed in 2ms
14 timing config:load:global Completed in 3ms
15 timing config:load:validate Completed in 1ms
16 timing config:load:credentials Completed in 3ms
17 timing config:load:setEnvs Completed in 3ms
18 timing config:load Completed in 195ms
19 timing npm:load:configload Completed in 196ms
20 timing npm:load:setTitle Completed in 13ms
21 timing config:load:flatten Completed in 8ms
22 timing npm:load:display Completed in 13ms
23 verbose logfile E:\Projects\tirupati_client_architect_project\NPM\_logs\2022-04-29T18_41_19_920Z-debug-0.log
24 timing npm:load:logFile Completed in 91ms
25 timing npm:load:timers Completed in 0ms
26 timing npm:load:configScope Completed in 0ms
27 timing npm:load Completed in 315ms
28 timing command:exec Completed in 1808ms
29 verbose exit 0
30 timing npm Completed in 5324ms
31 info ok
